Analysis & Synthesis report for ruidoRTL
Wed Jun 16 21:15:35 2021
Quartus Prime Version 16.1.0 Build 196 10/24/2016 SJ Lite Edition


---------------------
; Table of Contents ;
---------------------
  1. Legal Notice
  2. Analysis & Synthesis Summary
  3. Analysis & Synthesis Settings
  4. Parallel Compilation
  5. Analysis & Synthesis Source Files Read
  6. Analysis & Synthesis Resource Usage Summary
  7. Analysis & Synthesis Resource Utilization by Entity
  8. General Register Statistics
  9. Port Connectivity Checks: "registrador8bit:u_REG2"
 10. Port Connectivity Checks: "registrador8bit:u_REG1"
 11. Port Connectivity Checks: "multiplexador:u_MUX5"
 12. Port Connectivity Checks: "multiplexador:u_MUX4"
 13. Port Connectivity Checks: "multiplexador:u_MUX2"
 14. Port Connectivity Checks: "multiplexador:u_MUX1"
 15. Port Connectivity Checks: "comparador20Bit:u_COMP1"
 16. Post-Synthesis Netlist Statistics for Top Partition
 17. Elapsed Time Per Partition
 18. Analysis & Synthesis Messages



----------------
; Legal Notice ;
----------------
Copyright (C) 2016  Intel Corporation. All rights reserved.
Your use of Intel Corporation's design tools, logic functions 
and other software and tools, and its AMPP partner logic 
functions, and any output files from any of the foregoing 
(including device programming or simulation files), and any 
associated documentation or information are expressly subject 
to the terms and conditions of the Intel Program License 
Subscription Agreement, the Intel Quartus Prime License Agreement,
the Intel MegaCore Function License Agreement, or other 
applicable license agreement, including, without limitation, 
that your use is for the sole purpose of programming logic 
devices manufactured by Intel and sold by Intel or its 
authorized distributors.  Please refer to the applicable 
agreement for further details.



+----------------------------------------------------------------------------------+
; Analysis & Synthesis Summary                                                     ;
+------------------------------------+---------------------------------------------+
; Analysis & Synthesis Status        ; Successful - Wed Jun 16 21:15:35 2021       ;
; Quartus Prime Version              ; 16.1.0 Build 196 10/24/2016 SJ Lite Edition ;
; Revision Name                      ; ruidoRTL                                    ;
; Top-level Entity Name              ; bloco_operacional                           ;
; Family                             ; MAX 10                                      ;
; Total logic elements               ; 93                                          ;
;     Total combinational functions  ; 93                                          ;
;     Dedicated logic registers      ; 36                                          ;
; Total registers                    ; 36                                          ;
; Total pins                         ; 94                                          ;
; Total virtual pins                 ; 0                                           ;
; Total memory bits                  ; 0                                           ;
; Embedded Multiplier 9-bit elements ; 0                                           ;
; Total PLLs                         ; 0                                           ;
; UFM blocks                         ; 0                                           ;
; ADC blocks                         ; 0                                           ;
+------------------------------------+---------------------------------------------+


+----------------------------------------------------------------------------------------------------------------------+
; Analysis & Synthesis Settings                                                                                        ;
+----------------------------------------------------------------------------+--------------------+--------------------+
; Option                                                                     ; Setting            ; Default Value      ;
+----------------------------------------------------------------------------+--------------------+--------------------+
; Device                                                                     ; 10M08DAF484C8G     ;                    ;
; Top-level entity name                                                      ; bloco_operacional  ; ruidoRTL           ;
; Family name                                                                ; MAX 10             ; Cyclone V          ;
; Use smart compilation                                                      ; Off                ; Off                ;
; Enable parallel Assembler and TimeQuest Timing Analyzer during compilation ; On                 ; On                 ;
; Enable compact report table                                                ; Off                ; Off                ;
; Restructure Multiplexers                                                   ; Auto               ; Auto               ;
; Create Debugging Nodes for IP Cores                                        ; Off                ; Off                ;
; Preserve fewer node names                                                  ; On                 ; On                 ;
; OpenCore Plus hardware evaluation                                          ; Enable             ; Enable             ;
; Verilog Version                                                            ; Verilog_2001       ; Verilog_2001       ;
; VHDL Version                                                               ; VHDL_1993          ; VHDL_1993          ;
; State Machine Processing                                                   ; Auto               ; Auto               ;
; Safe State Machine                                                         ; Off                ; Off                ;
; Extract Verilog State Machines                                             ; On                 ; On                 ;
; Extract VHDL State Machines                                                ; On                 ; On                 ;
; Ignore Verilog initial constructs                                          ; Off                ; Off                ;
; Iteration limit for constant Verilog loops                                 ; 5000               ; 5000               ;
; Iteration limit for non-constant Verilog loops                             ; 250                ; 250                ;
; Add Pass-Through Logic to Inferred RAMs                                    ; On                 ; On                 ;
; Infer RAMs from Raw Logic                                                  ; On                 ; On                 ;
; Parallel Synthesis                                                         ; On                 ; On                 ;
; DSP Block Balancing                                                        ; Auto               ; Auto               ;
; NOT Gate Push-Back                                                         ; On                 ; On                 ;
; Power-Up Don't Care                                                        ; On                 ; On                 ;
; Remove Redundant Logic Cells                                               ; Off                ; Off                ;
; Remove Duplicate Registers                                                 ; On                 ; On                 ;
; Ignore CARRY Buffers                                                       ; Off                ; Off                ;
; Ignore CASCADE Buffers                                                     ; Off                ; Off                ;
; Ignore GLOBAL Buffers                                                      ; Off                ; Off                ;
; Ignore ROW GLOBAL Buffers                                                  ; Off                ; Off                ;
; Ignore LCELL Buffers                                                       ; Off                ; Off                ;
; Ignore SOFT Buffers                                                        ; On                 ; On                 ;
; Limit AHDL Integers to 32 Bits                                             ; Off                ; Off                ;
; Optimization Technique                                                     ; Balanced           ; Balanced           ;
; Carry Chain Length                                                         ; 70                 ; 70                 ;
; Auto Carry Chains                                                          ; On                 ; On                 ;
; Auto Open-Drain Pins                                                       ; On                 ; On                 ;
; Perform WYSIWYG Primitive Resynthesis                                      ; Off                ; Off                ;
; Auto ROM Replacement                                                       ; On                 ; On                 ;
; Auto RAM Replacement                                                       ; On                 ; On                 ;
; Auto DSP Block Replacement                                                 ; On                 ; On                 ;
; Auto Shift Register Replacement                                            ; Auto               ; Auto               ;
; Allow Shift Register Merging across Hierarchies                            ; Auto               ; Auto               ;
; Auto Clock Enable Replacement                                              ; On                 ; On                 ;
; Strict RAM Replacement                                                     ; Off                ; Off                ;
; Allow Synchronous Control Signals                                          ; On                 ; On                 ;
; Force Use of Synchronous Clear Signals                                     ; Off                ; Off                ;
; Auto RAM Block Balancing                                                   ; On                 ; On                 ;
; Auto RAM to Logic Cell Conversion                                          ; Off                ; Off                ;
; Auto Resource Sharing                                                      ; Off                ; Off                ;
; Allow Any RAM Size For Recognition                                         ; Off                ; Off                ;
; Allow Any ROM Size For Recognition                                         ; Off                ; Off                ;
; Allow Any Shift Register Size For Recognition                              ; Off                ; Off                ;
; Use LogicLock Constraints during Resource Balancing                        ; On                 ; On                 ;
; Ignore translate_off and synthesis_off directives                          ; Off                ; Off                ;
; Timing-Driven Synthesis                                                    ; On                 ; On                 ;
; Report Parameter Settings                                                  ; On                 ; On                 ;
; Report Source Assignments                                                  ; On                 ; On                 ;
; Report Connectivity Checks                                                 ; On                 ; On                 ;
; Ignore Maximum Fan-Out Assignments                                         ; Off                ; Off                ;
; Synchronization Register Chain Length                                      ; 2                  ; 2                  ;
; PowerPlay Power Optimization During Synthesis                              ; Normal compilation ; Normal compilation ;
; HDL message level                                                          ; Level2             ; Level2             ;
; Suppress Register Optimization Related Messages                            ; Off                ; Off                ;
; Number of Removed Registers Reported in Synthesis Report                   ; 5000               ; 5000               ;
; Number of Swept Nodes Reported in Synthesis Report                         ; 5000               ; 5000               ;
; Number of Inverted Registers Reported in Synthesis Report                  ; 100                ; 100                ;
; Clock MUX Protection                                                       ; On                 ; On                 ;
; Auto Gated Clock Conversion                                                ; Off                ; Off                ;
; Block Design Naming                                                        ; Auto               ; Auto               ;
; SDC constraint protection                                                  ; Off                ; Off                ;
; Synthesis Effort                                                           ; Auto               ; Auto               ;
; Shift Register Replacement - Allow Asynchronous Clear Signal               ; On                 ; On                 ;
; Pre-Mapping Resynthesis Optimization                                       ; Off                ; Off                ;
; Analysis & Synthesis Message Level                                         ; Medium             ; Medium             ;
; Disable Register Merging Across Hierarchies                                ; Auto               ; Auto               ;
; Resource Aware Inference For Block RAM                                     ; On                 ; On                 ;
+----------------------------------------------------------------------------+--------------------+--------------------+


+------------------------------------------+
; Parallel Compilation                     ;
+----------------------------+-------------+
; Processors                 ; Number      ;
+----------------------------+-------------+
; Number detected on machine ; 8           ;
; Maximum allowed            ; 4           ;
;                            ;             ;
; Average used               ; 1.00        ;
; Maximum used               ; 4           ;
;                            ;             ;
; Usage by Processor         ; % Time Used ;
;     Processor 1            ; 100.0%      ;
;     Processors 2-4         ;   0.0%      ;
+----------------------------+-------------+


+-----------------------------------------------------------------------------------------------------------------------------------------------------------+
; Analysis & Synthesis Source Files Read                                                                                                                    ;
+----------------------------------+-----------------+-----------------+--------------------------------------------------------------------------+---------+
; File Name with User-Entered Path ; Used in Netlist ; File Type       ; File Name with Absolute Path                                             ; Library ;
+----------------------------------+-----------------+-----------------+--------------------------------------------------------------------------+---------+
; bloco_operacional.vhd            ; yes             ; User VHDL File  ; C:/Users/User/Desktop/univali/TEE/ruido/RuidoRTL/bloco_operacional.vhd   ;         ;
; registrador8bit.vhd              ; yes             ; User VHDL File  ; C:/Users/User/Desktop/univali/TEE/ruido/RuidoRTL/registrador8bit.vhd     ;         ;
; multiplexador.vhd                ; yes             ; User VHDL File  ; C:/Users/User/Desktop/univali/TEE/ruido/RuidoRTL/multiplexador.vhd       ;         ;
; contador.vhd                     ; yes             ; User VHDL File  ; C:/Users/User/Desktop/univali/TEE/ruido/RuidoRTL/contador.vhd            ;         ;
; comparadorMenor8Bit.vhd          ; yes             ; User VHDL File  ; C:/Users/User/Desktop/univali/TEE/ruido/RuidoRTL/comparadorMenor8Bit.vhd ;         ;
; comparador20Bit.vhd              ; yes             ; User VHDL File  ; C:/Users/User/Desktop/univali/TEE/ruido/RuidoRTL/comparador20Bit.vhd     ;         ;
; somador.vhd                      ; yes             ; User VHDL File  ; C:/Users/User/Desktop/univali/TEE/ruido/RuidoRTL/somador.vhd             ;         ;
; absoluto.vhd                     ; yes             ; User VHDL File  ; C:/Users/User/Desktop/univali/TEE/ruido/RuidoRTL/absoluto.vhd            ;         ;
+----------------------------------+-----------------+-----------------+--------------------------------------------------------------------------+---------+


+-----------------------------------------------------------+
; Analysis & Synthesis Resource Usage Summary               ;
+---------------------------------------------+-------------+
; Resource                                    ; Usage       ;
+---------------------------------------------+-------------+
; Estimated Total logic elements              ; 93          ;
;                                             ;             ;
; Total combinational functions               ; 93          ;
; Logic element usage by number of LUT inputs ;             ;
;     -- 4 input functions                    ; 14          ;
;     -- 3 input functions                    ; 53          ;
;     -- <=2 input functions                  ; 26          ;
;                                             ;             ;
; Logic elements by mode                      ;             ;
;     -- normal mode                          ; 39          ;
;     -- arithmetic mode                      ; 54          ;
;                                             ;             ;
; Total registers                             ; 36          ;
;     -- Dedicated logic registers            ; 36          ;
;     -- I/O registers                        ; 0           ;
;                                             ;             ;
; I/O pins                                    ; 94          ;
;                                             ;             ;
; Embedded Multiplier 9-bit elements          ; 0           ;
;                                             ;             ;
; Maximum fan-out node                        ; i_CLK~input ;
; Maximum fan-out                             ; 36          ;
; Total fan-out                               ; 530         ;
; Average fan-out                             ; 1.67        ;
+---------------------------------------------+-------------+


+-----------------------------------------------------------------------------------------------------------------------------------------------------------------------------------------------------------------------------------------------------------------------------+
; Analysis & Synthesis Resource Utilization by Entity                                                                                                                                                                                                                         ;
+----------------------------------+---------------------+---------------------------+-------------+------------+--------------+---------+-----------+------+--------------+------------+------------------------------------------------+---------------------+--------------+
; Compilation Hierarchy Node       ; Combinational ALUTs ; Dedicated Logic Registers ; Memory Bits ; UFM Blocks ; DSP Elements ; DSP 9x9 ; DSP 18x18 ; Pins ; Virtual Pins ; ADC blocks ; Full Hierarchy Name                            ; Entity Name         ; Library Name ;
+----------------------------------+---------------------+---------------------------+-------------+------------+--------------+---------+-----------+------+--------------+------------+------------------------------------------------+---------------------+--------------+
; |bloco_operacional               ; 93 (0)              ; 36 (0)                    ; 0           ; 0          ; 0            ; 0       ; 0         ; 94   ; 0            ; 0          ; |bloco_operacional                             ; bloco_operacional   ; work         ;
;    |absoluto:u_ABS|              ; 9 (9)               ; 0 (0)                     ; 0           ; 0          ; 0            ; 0       ; 0         ; 0    ; 0            ; 0          ; |bloco_operacional|absoluto:u_ABS              ; absoluto            ; work         ;
;    |comparador20Bit:u_COMP1|     ; 7 (7)               ; 0 (0)                     ; 0           ; 0          ; 0            ; 0       ; 0         ; 0    ; 0            ; 0          ; |bloco_operacional|comparador20Bit:u_COMP1     ; comparador20Bit     ; work         ;
;    |comparadorMenor8Bit:u_COMP2| ; 8 (8)               ; 0 (0)                     ; 0           ; 0          ; 0            ; 0       ; 0         ; 0    ; 0            ; 0          ; |bloco_operacional|comparadorMenor8Bit:u_COMP2 ; comparadorMenor8Bit ; work         ;
;    |comparadorMenor8Bit:u_COMP3| ; 8 (8)               ; 0 (0)                     ; 0           ; 0          ; 0            ; 0       ; 0         ; 0    ; 0            ; 0          ; |bloco_operacional|comparadorMenor8Bit:u_COMP3 ; comparadorMenor8Bit ; work         ;
;    |comparadorMenor8Bit:u_COMP4| ; 8 (8)               ; 0 (0)                     ; 0           ; 0          ; 0            ; 0       ; 0         ; 0    ; 0            ; 0          ; |bloco_operacional|comparadorMenor8Bit:u_COMP4 ; comparadorMenor8Bit ; work         ;
;    |contador:u_CNT_ADDR|         ; 20 (20)             ; 20 (20)                   ; 0           ; 0          ; 0            ; 0       ; 0         ; 0    ; 0            ; 0          ; |bloco_operacional|contador:u_CNT_ADDR         ; contador            ; work         ;
;    |multiplexador:u_MUX3|        ; 8 (8)               ; 0 (0)                     ; 0           ; 0          ; 0            ; 0       ; 0         ; 0    ; 0            ; 0          ; |bloco_operacional|multiplexador:u_MUX3        ; multiplexador       ; work         ;
;    |multiplexador:u_MUX6|        ; 8 (8)               ; 0 (0)                     ; 0           ; 0          ; 0            ; 0       ; 0         ; 0    ; 0            ; 0          ; |bloco_operacional|multiplexador:u_MUX6        ; multiplexador       ; work         ;
;    |multiplexador:u_MUX7|        ; 8 (8)               ; 0 (0)                     ; 0           ; 0          ; 0            ; 0       ; 0         ; 0    ; 0            ; 0          ; |bloco_operacional|multiplexador:u_MUX7        ; multiplexador       ; work         ;
;    |registrador8bit:u_REG1|      ; 0 (0)               ; 8 (8)                     ; 0           ; 0          ; 0            ; 0       ; 0         ; 0    ; 0            ; 0          ; |bloco_operacional|registrador8bit:u_REG1      ; registrador8bit     ; work         ;
;    |registrador8bit:u_REG2|      ; 0 (0)               ; 8 (8)                     ; 0           ; 0          ; 0            ; 0       ; 0         ; 0    ; 0            ; 0          ; |bloco_operacional|registrador8bit:u_REG2      ; registrador8bit     ; work         ;
;    |somador:u_ADDER|             ; 9 (9)               ; 0 (0)                     ; 0           ; 0          ; 0            ; 0       ; 0         ; 0    ; 0            ; 0          ; |bloco_operacional|somador:u_ADDER             ; somador             ; work         ;
+----------------------------------+---------------------+---------------------------+-------------+------------+--------------+---------+-----------+------+--------------+------------+------------------------------------------------+---------------------+--------------+
Note: For table entries with two numbers listed, the numbers in parentheses indicate the number of resources of the given type used by the specific entity alone. The numbers listed outside of parentheses indicate the total resources of the given type used by the specific entity and all of its sub-entities in the hierarchy.


+------------------------------------------------------+
; General Register Statistics                          ;
+----------------------------------------------+-------+
; Statistic                                    ; Value ;
+----------------------------------------------+-------+
; Total registers                              ; 36    ;
; Number of registers using Synchronous Clear  ; 0     ;
; Number of registers using Synchronous Load   ; 0     ;
; Number of registers using Asynchronous Clear ; 36    ;
; Number of registers using Asynchronous Load  ; 0     ;
; Number of registers using Clock Enable       ; 19    ;
; Number of registers using Preset             ; 0     ;
+----------------------------------------------+-------+


+----------------------------------------------------+
; Port Connectivity Checks: "registrador8bit:u_REG2" ;
+-------+-------+----------+-------------------------+
; Port  ; Type  ; Severity ; Details                 ;
+-------+-------+----------+-------------------------+
; i_ena ; Input ; Info     ; Stuck at VCC            ;
+-------+-------+----------+-------------------------+


+----------------------------------------------------+
; Port Connectivity Checks: "registrador8bit:u_REG1" ;
+-------+-------+----------+-------------------------+
; Port  ; Type  ; Severity ; Details                 ;
+-------+-------+----------+-------------------------+
; i_ena ; Input ; Info     ; Stuck at VCC            ;
+-------+-------+----------+-------------------------+


+--------------------------------------------------+
; Port Connectivity Checks: "multiplexador:u_MUX5" ;
+------+-------+----------+------------------------+
; Port ; Type  ; Severity ; Details                ;
+------+-------+----------+------------------------+
; i_b  ; Input ; Info     ; Stuck at VCC           ;
+------+-------+----------+------------------------+


+--------------------------------------------------+
; Port Connectivity Checks: "multiplexador:u_MUX4" ;
+------+-------+----------+------------------------+
; Port ; Type  ; Severity ; Details                ;
+------+-------+----------+------------------------+
; i_b  ; Input ; Info     ; Stuck at GND           ;
+------+-------+----------+------------------------+


+--------------------------------------------------+
; Port Connectivity Checks: "multiplexador:u_MUX2" ;
+------+-------+----------+------------------------+
; Port ; Type  ; Severity ; Details                ;
+------+-------+----------+------------------------+
; i_b  ; Input ; Info     ; Stuck at GND           ;
+------+-------+----------+------------------------+


+--------------------------------------------------+
; Port Connectivity Checks: "multiplexador:u_MUX1" ;
+------+-------+----------+------------------------+
; Port ; Type  ; Severity ; Details                ;
+------+-------+----------+------------------------+
; i_b  ; Input ; Info     ; Stuck at VCC           ;
+------+-------+----------+------------------------+


+-----------------------------------------------------+
; Port Connectivity Checks: "comparador20Bit:u_COMP1" ;
+----------------+-------+----------+-----------------+
; Port           ; Type  ; Severity ; Details         ;
+----------------+-------+----------+-----------------+
; i_addr[17..15] ; Input ; Info     ; Stuck at VCC    ;
; i_addr[13..11] ; Input ; Info     ; Stuck at VCC    ;
; i_addr[9..7]   ; Input ; Info     ; Stuck at VCC    ;
; i_addr[5..3]   ; Input ; Info     ; Stuck at VCC    ;
; i_addr[1..0]   ; Input ; Info     ; Stuck at VCC    ;
; i_addr[19]     ; Input ; Info     ; Stuck at VCC    ;
; i_addr[18]     ; Input ; Info     ; Stuck at GND    ;
; i_addr[14]     ; Input ; Info     ; Stuck at GND    ;
; i_addr[10]     ; Input ; Info     ; Stuck at GND    ;
; i_addr[6]      ; Input ; Info     ; Stuck at GND    ;
; i_addr[2]      ; Input ; Info     ; Stuck at GND    ;
+----------------+-------+----------+-----------------+


+-----------------------------------------------------+
; Post-Synthesis Netlist Statistics for Top Partition ;
+-----------------------+-----------------------------+
; Type                  ; Count                       ;
+-----------------------+-----------------------------+
; boundary_port         ; 94                          ;
; cycloneiii_ff         ; 36                          ;
;     CLR               ; 17                          ;
;     ENA CLR           ; 19                          ;
; cycloneiii_lcell_comb ; 93                          ;
;     arith             ; 54                          ;
;         2 data inputs ; 17                          ;
;         3 data inputs ; 37                          ;
;     normal            ; 39                          ;
;         0 data inputs ; 2                           ;
;         1 data inputs ; 1                           ;
;         2 data inputs ; 6                           ;
;         3 data inputs ; 16                          ;
;         4 data inputs ; 14                          ;
;                       ;                             ;
; Max LUT depth         ; 4.70                        ;
; Average LUT depth     ; 2.60                        ;
+-----------------------+-----------------------------+


+-------------------------------+
; Elapsed Time Per Partition    ;
+----------------+--------------+
; Partition Name ; Elapsed Time ;
+----------------+--------------+
; Top            ; 00:00:00     ;
+----------------+--------------+


+-------------------------------+
; Analysis & Synthesis Messages ;
+-------------------------------+
Info: *******************************************************************
Info: Running Quartus Prime Analysis & Synthesis
    Info: Version 16.1.0 Build 196 10/24/2016 SJ Lite Edition
    Info: Processing started: Wed Jun 16 21:15:21 2021
Info: Command: quartus_map --read_settings_files=on --write_settings_files=off ruidoRTL -c ruidoRTL
Warning (18236): Number of processors has not been specified which may cause overloading on shared machines.  Set the global assignment NUM_PARALLEL_PROCESSORS in your QSF to an appropriate value for best performance.
Info (20030): Parallel compilation is enabled and will use 4 of the 4 processors detected
Info (12021): Found 2 design units, including 1 entities, in source file bloco_operacional.vhd
    Info (12022): Found design unit 1: bloco_operacional-rtl File: C:/Users/User/Desktop/univali/TEE/ruido/RuidoRTL/bloco_operacional.vhd Line: 37
    Info (12023): Found entity 1: bloco_operacional File: C:/Users/User/Desktop/univali/TEE/ruido/RuidoRTL/bloco_operacional.vhd Line: 13
Info (12021): Found 2 design units, including 1 entities, in source file comparadormaior8bit.vhd
    Info (12022): Found design unit 1: comparadorMaior8Bit-arch_1 File: C:/Users/User/Desktop/univali/TEE/ruido/RuidoRTL/comparadorMaior8Bit.vhd Line: 21
    Info (12023): Found entity 1: comparadorMaior8Bit File: C:/Users/User/Desktop/univali/TEE/ruido/RuidoRTL/comparadorMaior8Bit.vhd Line: 13
Info (12021): Found 2 design units, including 1 entities, in source file registrador8bit.vhd
    Info (12022): Found design unit 1: registrador8bit-arch1 File: C:/Users/User/Desktop/univali/TEE/ruido/RuidoRTL/registrador8bit.vhd Line: 21
    Info (12023): Found entity 1: registrador8bit File: C:/Users/User/Desktop/univali/TEE/ruido/RuidoRTL/registrador8bit.vhd Line: 11
Info (12021): Found 2 design units, including 1 entities, in source file multiplexador.vhd
    Info (12022): Found design unit 1: multiplexador-arch_1 File: C:/Users/User/Desktop/univali/TEE/ruido/RuidoRTL/multiplexador.vhd Line: 21
    Info (12023): Found entity 1: multiplexador File: C:/Users/User/Desktop/univali/TEE/ruido/RuidoRTL/multiplexador.vhd Line: 13
Info (12021): Found 2 design units, including 1 entities, in source file contador.vhd
    Info (12022): Found design unit 1: contador-rtl File: C:/Users/User/Desktop/univali/TEE/ruido/RuidoRTL/contador.vhd Line: 22
    Info (12023): Found entity 1: contador File: C:/Users/User/Desktop/univali/TEE/ruido/RuidoRTL/contador.vhd Line: 13
Info (12021): Found 2 design units, including 1 entities, in source file bloco_controle.vhd
    Info (12022): Found design unit 1: bloco_controle-rtl File: C:/Users/User/Desktop/univali/TEE/ruido/RuidoRTL/bloco_controle.vhd Line: 28
    Info (12023): Found entity 1: bloco_controle File: C:/Users/User/Desktop/univali/TEE/ruido/RuidoRTL/bloco_controle.vhd Line: 13
Info (12021): Found 2 design units, including 1 entities, in source file comparadormenor8bit.vhd
    Info (12022): Found design unit 1: comparadorMenor8Bit-arch_1 File: C:/Users/User/Desktop/univali/TEE/ruido/RuidoRTL/comparadorMenor8Bit.vhd Line: 21
    Info (12023): Found entity 1: comparadorMenor8Bit File: C:/Users/User/Desktop/univali/TEE/ruido/RuidoRTL/comparadorMenor8Bit.vhd Line: 13
Info (12021): Found 2 design units, including 1 entities, in source file comparador20bit.vhd
    Info (12022): Found design unit 1: comparador20Bit-arch_1 File: C:/Users/User/Desktop/univali/TEE/ruido/RuidoRTL/comparador20Bit.vhd Line: 21
    Info (12023): Found entity 1: comparador20Bit File: C:/Users/User/Desktop/univali/TEE/ruido/RuidoRTL/comparador20Bit.vhd Line: 13
Info (12021): Found 2 design units, including 1 entities, in source file somador.vhd
    Info (12022): Found design unit 1: somador-arch_1 File: C:/Users/User/Desktop/univali/TEE/ruido/RuidoRTL/somador.vhd Line: 21
    Info (12023): Found entity 1: somador File: C:/Users/User/Desktop/univali/TEE/ruido/RuidoRTL/somador.vhd Line: 13
Info (12021): Found 2 design units, including 1 entities, in source file absoluto.vhd
    Info (12022): Found design unit 1: absoluto-rtl File: C:/Users/User/Desktop/univali/TEE/ruido/RuidoRTL/absoluto.vhd Line: 21
    Info (12023): Found entity 1: absoluto File: C:/Users/User/Desktop/univali/TEE/ruido/RuidoRTL/absoluto.vhd Line: 14
Info (12021): Found 2 design units, including 1 entities, in source file memoria_gauss.vhd
    Info (12022): Found design unit 1: memoria_gauss-SYN File: C:/Users/User/Desktop/univali/TEE/ruido/RuidoRTL/memoria_gauss.vhd Line: 54
    Info (12023): Found entity 1: memoria_gauss File: C:/Users/User/Desktop/univali/TEE/ruido/RuidoRTL/memoria_gauss.vhd Line: 43
Info (12021): Found 2 design units, including 1 entities, in source file memoria_entrada.vhd
    Info (12022): Found design unit 1: memoria_entrada-SYN File: C:/Users/User/Desktop/univali/TEE/ruido/RuidoRTL/memoria_entrada.vhd Line: 54
    Info (12023): Found entity 1: memoria_entrada File: C:/Users/User/Desktop/univali/TEE/ruido/RuidoRTL/memoria_entrada.vhd Line: 43
Info (12021): Found 2 design units, including 1 entities, in source file sal_e_pimenta.vhd
    Info (12022): Found design unit 1: sal_e_pimenta-SYN File: C:/Users/User/Desktop/univali/TEE/ruido/RuidoRTL/sal_e_pimenta.vhd Line: 54
    Info (12023): Found entity 1: sal_e_pimenta File: C:/Users/User/Desktop/univali/TEE/ruido/RuidoRTL/sal_e_pimenta.vhd Line: 43
Info (12021): Found 2 design units, including 1 entities, in source file memoria_saida.vhd
    Info (12022): Found design unit 1: memoria_saida-SYN File: C:/Users/User/Desktop/univali/TEE/ruido/RuidoRTL/memoria_saida.vhd Line: 55
    Info (12023): Found entity 1: memoria_saida File: C:/Users/User/Desktop/univali/TEE/ruido/RuidoRTL/memoria_saida.vhd Line: 43
Info (12127): Elaborating entity "bloco_operacional" for the top level hierarchy
Info (12128): Elaborating entity "contador" for hierarchy "contador:u_CNT_ADDR" File: C:/Users/User/Desktop/univali/TEE/ruido/RuidoRTL/bloco_operacional.vhd Line: 161
Info (12128): Elaborating entity "comparador20Bit" for hierarchy "comparador20Bit:u_COMP1" File: C:/Users/User/Desktop/univali/TEE/ruido/RuidoRTL/bloco_operacional.vhd Line: 168
Info (12128): Elaborating entity "somador" for hierarchy "somador:u_ADDER" File: C:/Users/User/Desktop/univali/TEE/ruido/RuidoRTL/bloco_operacional.vhd Line: 175
Info (12128): Elaborating entity "multiplexador" for hierarchy "multiplexador:u_MUX1" File: C:/Users/User/Desktop/univali/TEE/ruido/RuidoRTL/bloco_operacional.vhd Line: 181
Info (12128): Elaborating entity "absoluto" for hierarchy "absoluto:u_ABS" File: C:/Users/User/Desktop/univali/TEE/ruido/RuidoRTL/bloco_operacional.vhd Line: 190
Info (12128): Elaborating entity "comparadorMenor8Bit" for hierarchy "comparadorMenor8Bit:u_COMP2" File: C:/Users/User/Desktop/univali/TEE/ruido/RuidoRTL/bloco_operacional.vhd Line: 195
Info (12128): Elaborating entity "registrador8bit" for hierarchy "registrador8bit:u_REG1" File: C:/Users/User/Desktop/univali/TEE/ruido/RuidoRTL/bloco_operacional.vhd Line: 258
Info (286030): Timing-Driven Synthesis is running
Info (16010): Generating hard_block partition "hard_block:auto_generated_inst"
    Info (16011): Adding 0 node(s), including 0 DDIO, 0 PLL, 0 transceiver and 0 LCELL
Info (21057): Implemented 187 device resources after synthesis - the final resource count might be different
    Info (21058): Implemented 47 input pins
    Info (21059): Implemented 47 output pins
    Info (21061): Implemented 93 logic cells
Info: Quartus Prime Analysis & Synthesis was successful. 0 errors, 1 warning
    Info: Peak virtual memory: 4781 megabytes
    Info: Processing ended: Wed Jun 16 21:15:35 2021
    Info: Elapsed time: 00:00:14
    Info: Total CPU time (on all processors): 00:00:33


